/*C2*/SET SCHEMA PUBLIC
DISCONNECT
/*C3*/SET SCHEMA PUBLIC
create table address (id integer generated by default as identity primary key, street varchar(255), city varchar(255), state varchar(255), zip varchar(255))
/*C4*/SET SCHEMA PUBLIC
create table contact (id integer generated by default as identity primary key, name varchar(255), address_id integer, foreign key (address_id) references address)
/*C6*/SET SCHEMA PUBLIC
INSERT INTO ADDRESS VALUES(0,'asaddfsdfsd','sdas','asdasa','asdas')
COMMIT
/*C7*/SET SCHEMA PUBLIC
INSERT INTO CONTACT VALUES(0,'dfdsf',0)
COMMIT
/*C3*/DELETE FROM CONTACT WHERE ID=0
COMMIT
/*C4*/DELETE FROM ADDRESS WHERE ID=0
COMMIT
/*C6*/INSERT INTO ADDRESS VALUES(1,'asad','sdas','asdasa','asdas')
COMMIT
/*C7*/INSERT INTO CONTACT VALUES(1,'dfdsf',1)
COMMIT
/*C9*/SET SCHEMA PUBLIC
INSERT INTO ADDRESS VALUES(2,'asad','sdas','asdasa','asdas')
COMMIT
/*C4*/INSERT INTO CONTACT VALUES(2,'dfdsfasdas',2)
COMMIT
/*C5*/SET SCHEMA PUBLIC
INSERT INTO ADDRESS VALUES(3,'asaddfsdfsd','sdasdfsdfds','asdasa','98798')
COMMIT
/*C6*/INSERT INTO CONTACT VALUES(3,'dfdsfqqqqqwwww',3)
COMMIT
DELETE FROM CONTACT WHERE ID=3
INSERT INTO CONTACT VALUES(3,'dfdsfqqqqqwwww',3)
COMMIT
/*C7*/DELETE FROM ADDRESS WHERE ID=3
INSERT INTO ADDRESS VALUES(3,'asaddfsdfsd','sdasdfsdfds','asdasa','98798')
COMMIT
/*C6*/DELETE FROM CONTACT WHERE ID=3
COMMIT
/*C7*/DELETE FROM ADDRESS WHERE ID=3
COMMIT
/*C3*/DISCONNECT
/*C9*/DISCONNECT
/*C4*/DISCONNECT
/*C10*/SET SCHEMA PUBLIC
DISCONNECT
/*C5*/DISCONNECT
/*C6*/DISCONNECT
/*C7*/DISCONNECT
/*C8*/SET SCHEMA PUBLIC
DISCONNECT
